<?xml version="1.0" encoding="UTF-8"?>
<!-- Generated by org.testng.reporters.JUnitXMLReporter -->
<testsuite hostname="NYVKannanMAC" name="Sample Test" tests="1" failures="1" timestamp="29 Dec 2016 23:40:37 GMT" time="13.287" errors="0">
  <testcase name="run_cukes" time="13.256" classname="com.cucumber.cukerunner">
    <failure type="cucumber.runtime.CucumberException" message="java.lang.NullPointerException">
      <![CDATA[cucumber.runtime.CucumberException: java.lang.NullPointerException
	at cucumber.api.testng.TestNGCucumberRunner.runCukes(TestNGCucumberRunner.java:48)
	at cucumber.api.testng.AbstractTestNGCucumberTests.run_cukes(AbstractTestNGCucumberTests.java:14)
	at cucumber.api.testng.AbstractTestNGCucumberTests.run(AbstractTestNGCucumberTests.java:19)
	at java.util.concurrent.FutureTask.run(FutureTask.java:266)
	at java.util.concurrent.ThreadPoolExecutor.runWorker(ThreadPoolExecutor.java:1142)
	at java.util.concurrent.ThreadPoolExecutor$Worker.run(ThreadPoolExecutor.java:617)
	at java.lang.Thread.run(Thread.java:745)
Caused by: java.lang.NullPointerException
	at com.cucumber.ActionsWeb.click(ActionsWeb.java:60)
	at com.cucumber.Home.homeTestPage.clicksignInBtn(homeTestPage.java:21)
	at com.cucumber.Home.Home_StepDef.user_clicks_the_signin_button(Home_StepDef.java:31)
	at âœ½.Given User clicks the signin button(java/com/cucumber/test.feature:56)
... Removed 22 stack frames]]>
    </failure>
  </testcase> <!-- run_cukes -->
</testsuite> <!-- Sample Test -->
